<?xml version="1.0" encoding="UTF-8"?>
<!-- Generated by org.testng.reporters.JUnitXMLReporter -->
<testsuite ignored="0" hostname="LAPTOP-62C0PDQP" failures="0" tests="4" name="Default test" time="10.877" errors="0" timestamp="2024-12-12T15:58:54 IST">
  <testcase classname="api_tests.UserTest" name="testPostUser" time="3.393"/>
  <testcase classname="api_tests.UserTest" name="testGetUser" time="1.704"/>
  <testcase classname="api_tests.UserTest" name="testupdateUser" time="3.274"/>
  <testcase classname="api_tests.UserTest" name="testDeleteUser" time="1.789"/>
</testsuite> <!-- Default test -->
