<?xml version="1.0" encoding="UTF-8"?>
<!-- Generated by org.testng.reporters.JUnitXMLReporter -->
<testsuite ignored="0" hostname="LAPTOP-62C0PDQP" failures="0" tests="4" name="Test" time="12.604" errors="0" timestamp="2024-12-12T16:12:01 IST">
  <testcase classname="api_tests.UserTest" name="testPostUser" time="4.836"/>
  <testcase classname="api_tests.UserTest" name="testGetUser" time="1.498"/>
  <testcase classname="api_tests.UserTest" name="testupdateUser" time="3.559"/>
  <testcase classname="api_tests.UserTest" name="testDeleteUser" time="1.591"/>
</testsuite> <!-- Test -->
