<?xml version="1.0" encoding="UTF-8"?>
<testng-results ignored="0" total="4" passed="4" failed="0" skipped="0">
  <reporter-output>
  </reporter-output>
  <suite started-at="2024-12-12T16:11:48 IST" name="Suite" finished-at="2024-12-12T16:12:01 IST" duration-ms="12604">
    <groups>
    </groups>
    <test started-at="2024-12-12T16:11:48 IST" name="Test" finished-at="2024-12-12T16:12:01 IST" duration-ms="12604">
      <class name="api_tests.UserTest">
        <test-method is-config="true" signature="setup()[pri:0, instance:api_tests.UserTest@4c583ecf]" started-at="2024-12-12T16:11:49 IST" name="setup" finished-at="2024-12-12T16:11:49 IST" duration-ms="753" status="PASS">
          <reporter-output>
          </reporter-output>
        </test-method> <!-- setup -->
        <test-method signature="testPostUser()[pri:1, instance:api_tests.UserTest@4c583ecf]" started-at="2024-12-12T16:11:49 IST" name="testPostUser" finished-at="2024-12-12T16:11:54 IST" duration-ms="4836" status="PASS">
          <reporter-output>
          </reporter-output>
        </test-method> <!-- testPostUser -->
        <test-method signature="testGetUser()[pri:2, instance:api_tests.UserTest@4c583ecf]" started-at="2024-12-12T16:11:54 IST" name="testGetUser" finished-at="2024-12-12T16:11:56 IST" duration-ms="1498" status="PASS">
          <reporter-output>
          </reporter-output>
        </test-method> <!-- testGetUser -->
        <test-method signature="testupdateUser()[pri:3, instance:api_tests.UserTest@4c583ecf]" started-at="2024-12-12T16:11:56 IST" name="testupdateUser" finished-at="2024-12-12T16:11:59 IST" duration-ms="3559" status="PASS">
          <reporter-output>
          </reporter-output>
        </test-method> <!-- testupdateUser -->
        <test-method signature="testDeleteUser()[pri:4, instance:api_tests.UserTest@4c583ecf]" started-at="2024-12-12T16:11:59 IST" name="testDeleteUser" finished-at="2024-12-12T16:12:01 IST" duration-ms="1591" status="PASS">
          <reporter-output>
          </reporter-output>
        </test-method> <!-- testDeleteUser -->
      </class> <!-- api_tests.UserTest -->
    </test> <!-- Test -->
  </suite> <!-- Suite -->
</testng-results>
